<?xml version="1.0" encoding="UTF-8"?>
<testsuite xmlns:xsi="http://www.w3.org/2001/XMLSchema-instance" xsi:noNamespaceSchemaLocation="https://maven.apache.org/surefire/maven-surefire-plugin/xsd/surefire-test-report.xsd" version="3.0.2" name="com.ltp.banksystem.repository.AccountRepositoryTest" time="0.871" tests="2" errors="0" skipped="0" failures="0">
  <properties>
[...]
</properties>
  <testcase name="shouldReturnAccountsWhenAccountTypeIsBusiness" classname="com.ltp.banksystem.repository.AccountRepositoryTest" time="0.299">
    <system-out><![CDATA[2025-03-07T11:29:14.373+02:00  INFO 3488 --- [bank-system] [           main] t.c.s.AnnotationConfigContextLoaderUtils : Could not detect default configuration classes for test class [com.ltp.banksystem.repository.AccountRepositoryTest]: AccountRepositoryTest does not declare any static, non-private, non-final, nested classes annotated with @Configuration.
2025-03-07T11:29:14.440+02:00  INFO 3488 --- [bank-system] [           main] .b.t.c.SpringBootTestContextBootstrapper : Found @SpringBootConfiguration com.ltp.banksystem.BankSystemApplication for test class com.ltp.banksystem.repository.AccountRepositoryTest
2025-03-07T11:29:14.447+02:00  INFO 3488 --- [bank-system] [           main] o.s.b.d.r.RestartApplicationListener     : Restart disabled due to context in which it is running

  .   ____          _            __ _ _
 /\\ / ___'_ __ _ _(_)_ __  __ _ \ \ \ \
( ( )\___ | '_ | '_| | '_ \/ _` | \ \ \ \
 \\/  ___)| |_)| | | | | || (_| |  ) ) ) )
  '  |____| .__|_| |_|_| |_\__, | / / / /
 =========|_|==============|___/=/_/_/_/

 :: Spring Boot ::                (v3.4.1)

2025-03-07T11:29:14.498+02:00  INFO 3488 --- [bank-system] [           main] c.l.b.repository.AccountRepositoryTest   : Starting AccountRepositoryTest using Java 23 with PID 3488 (started by 1 in C:\Users\1\OneDrive\Рабочий стол\IdeaProjects\Practice\bank-system)
2025-03-07T11:29:14.498+02:00  INFO 3488 --- [bank-system] [           main] c.l.b.repository.AccountRepositoryTest   : No active profile set, falling back to 1 default profile: "default"
2025-03-07T11:29:14.631+02:00  INFO 3488 --- [bank-system] [           main] .s.d.r.c.RepositoryConfigurationDelegate : Bootstrapping Spring Data JPA repositories in DEFAULT mode.
2025-03-07T11:29:14.658+02:00  INFO 3488 --- [bank-system] [           main] .s.d.r.c.RepositoryConfigurationDelegate : Finished Spring Data repository scanning in 25 ms. Found 3 JPA repository interfaces.
2025-03-07T11:29:14.676+02:00  INFO 3488 --- [bank-system] [           main] beddedDataSourceBeanFactoryPostProcessor : Replacing 'dataSource' DataSource bean with embedded version
2025-03-07T11:29:14.702+02:00  INFO 3488 --- [bank-system] [           main] o.s.j.d.e.EmbeddedDatabaseFactory        : Starting embedded database: url='jdbc:h2:mem:7f7ac8e0-d4d9-44cc-8d7e-227faee41bb0;DB_CLOSE_DELAY=-1;DB_CLOSE_ON_EXIT=false', username='sa'
2025-03-07T11:29:14.731+02:00  INFO 3488 --- [bank-system] [           main] o.hibernate.jpa.internal.util.LogHelper  : HHH000204: Processing PersistenceUnitInfo [name: default]
2025-03-07T11:29:14.735+02:00  INFO 3488 --- [bank-system] [           main] o.h.c.internal.RegionFactoryInitiator    : HHH000026: Second-level cache disabled
2025-03-07T11:29:14.749+02:00  INFO 3488 --- [bank-system] [           main] o.s.o.j.p.SpringPersistenceUnitInfo      : No LoadTimeWeaver setup: ignoring JPA class transformer
2025-03-07T11:29:14.751+02:00  INFO 3488 --- [bank-system] [           main] org.hibernate.orm.connections.pooling    : HHH10001005: Database info:
	Database JDBC URL [Connecting through datasource 'org.springframework.jdbc.datasource.embedded.EmbeddedDatabaseFactory$EmbeddedDataSourceProxy@2bbc6496']
	Database driver: undefined/unknown
	Database version: 2.3.232
	Autocommit mode: undefined/unknown
	Isolation level: undefined/unknown
	Minimum pool size: undefined/unknown
	Maximum pool size: undefined/unknown
2025-03-07T11:29:14.842+02:00  INFO 3488 --- [bank-system] [           main] o.h.e.t.j.p.i.JtaPlatformInitiator       : HHH000489: No JTA platform available (set 'hibernate.transaction.jta.platform' to enable JTA platform integration)
Hibernate: drop table if exists account cascade 
Hibernate: drop table if exists transaction cascade 
Hibernate: drop table if exists "user" cascade 
Hibernate: create table account (account_type tinyint check (account_type between 0 and 3), balance numeric(38,2), account_id bigint generated by default as identity, user_id bigint, primary key (account_id))
Hibernate: create table transaction (amount numeric(38,2), timestamp date, transaction_type tinyint check (transaction_type between 0 and 3), from_account_id bigint, to_account_id bigint, transaction_id bigint generated by default as identity, primary key (transaction_id))
Hibernate: create table "user" (role tinyint check (role between 0 and 1), user_id bigint generated by default as identity, password varchar(255), username varchar(255), primary key (user_id))
Hibernate: alter table if exists account add constraint FK8pcnsdub6ul7jkr5s6dblgg1p foreign key (user_id) references "user"
Hibernate: alter table if exists transaction add constraint FKrff4jlxetafju1e5cks5mfcnk foreign key (from_account_id) references account
Hibernate: alter table if exists transaction add constraint FKluqt8k2pa8d4gmggx4rhl5vgv foreign key (to_account_id) references account
2025-03-07T11:29:14.852+02:00  INFO 3488 --- [bank-system] [           main] j.LocalContainerEntityManagerFactoryBean : Initialized JPA EntityManagerFactory for persistence unit 'default'
2025-03-07T11:29:14.908+02:00  INFO 3488 --- [bank-system] [           main] c.l.b.repository.AccountRepositoryTest   : Started AccountRepositoryTest in 0.462 seconds (process running for 9.008)
Hibernate: insert into "user" (password,role,username,user_id) values (?,?,?,default)
Hibernate: insert into "user" (password,role,username,user_id) values (?,?,?,default)
Hibernate: insert into "user" (password,role,username,user_id) values (?,?,?,default)
Hibernate: insert into "user" (password,role,username,user_id) values (?,?,?,default)
Hibernate: insert into account (account_type,balance,user_id,account_id) values (?,?,?,default)
Hibernate: insert into account (account_type,balance,user_id,account_id) values (?,?,?,default)
Hibernate: insert into account (account_type,balance,user_id,account_id) values (?,?,?,default)
Hibernate: insert into account (account_type,balance,user_id,account_id) values (?,?,?,default)
Hibernate: select a1_0.account_id,a1_0.account_type,a1_0.balance,a1_0.user_id from account a1_0 where a1_0.account_type=?
Hibernate: select a1_0.account_id,a1_0.account_type,a1_0.balance,a1_0.user_id from account a1_0
Hibernate: select u1_0.user_id,u1_0.password,u1_0.role,u1_0.username from "user" u1_0
]]></system-out>
  </testcase>
  <testcase name="findAccountByUser" classname="com.ltp.banksystem.repository.AccountRepositoryTest" time="0.023">
    <system-out><![CDATA[Hibernate: insert into "user" (password,role,username,user_id) values (?,?,?,default)
Hibernate: insert into account (account_type,balance,user_id,account_id) values (?,?,?,default)
Hibernate: select a1_0.account_id,a1_0.account_type,a1_0.balance,a1_0.user_id from account a1_0 where a1_0.user_id=?
Hibernate: select a1_0.account_id,a1_0.account_type,a1_0.balance,a1_0.user_id from account a1_0
Hibernate: select u1_0.user_id,u1_0.password,u1_0.role,u1_0.username from "user" u1_0
]]></system-out>
  </testcase>
</testsuite>